<?xml version="1.0" encoding="UTF-8"?>
<testng-results skipped="0" failed="0" ignored="0" total="0" passed="0">
  <reporter-output>
  </reporter-output>
  <suite name="pl.soflab.AutomationTestExercise.RunnerTest" duration-ms="0" started-at="2018-09-16T08:51:45Z" finished-at="2018-09-16T08:51:45Z">
    <groups>
    </groups>
    <test name="Command line test" duration-ms="0" started-at="2018-09-16T08:51:45Z" finished-at="2018-09-16T08:51:45Z">
    </test> <!-- Command line test -->
  </suite> <!-- pl.soflab.AutomationTestExercise.RunnerTest -->
</testng-results>
