<?xml version="1.0" encoding="UTF-8" ?>
<testsuite tests="6" failures="0" name="pl.soflab.AutomationTestExercise.RunnerTest" time="0.75" errors="0" skipped="0">
  <properties>
[...]
</properties>
  <testcase classname="Scenario: Log in scenario" name="Given I am on the main page" time="0.002"/>
  <testcase classname="Scenario: Log in scenario" name="And I click on the log in button" time="0"/>
  <testcase classname="Scenario: Log in scenario" name="When I put email and password" time="0"/>
  <testcase classname="Scenario: Log in scenario" name="And I click signIn button" time="0"/>
  <testcase classname="Scenario: Log in scenario" name="Then I should be on my account page" time="0"/>
  <testcase classname="Scenario: Log in scenario" name="Scenario: Log in scenario" time="0.748"/>
</testsuite>